Model will run on cuda
Total number of parameters in the model: 8151042
Total number of parameters in the image encoder: 826626
Total number of parameters in the text encoder: 7258624

 epoch 0
-- train loss 0.561
Saving model!

 epoch 1
-- train loss 0.551
Saving model!

 epoch 2
-- train loss 0.537
Saving model!

 epoch 3
-- train loss 0.526
Saving model!

 epoch 4
-- train loss 0.517
Saving model!

 epoch 5
-- train loss 0.503
Saving model!

 epoch 6
-- train loss 0.491
Saving model!

 epoch 7
-- train loss 0.486
Saving model!

 epoch 8
-- train loss 0.475
Saving model!

 epoch 9
-- train loss 0.464
Saving model!

 epoch 10
-- train loss 0.452
Saving model!

 epoch 11
-- train loss 0.438
Saving model!

 epoch 12
-- train loss 0.429
Saving model!

 epoch 13
-- train loss 0.425
Saving model!

 epoch 14
-- train loss 0.418
Saving model!

 epoch 15
-- train loss 0.413
Saving model!

 epoch 16
-- train loss 0.406
Saving model!

 epoch 17
-- train loss 0.402
Saving model!

 epoch 18
-- train loss 0.397
Saving model!

 epoch 19
-- train loss 0.392
Saving model!

 epoch 20
-- train loss 0.39
Saving model!

 epoch 21
-- train loss 0.391
Saving model!

 epoch 22
-- train loss 0.385
Saving model!

 epoch 23
-- train loss 0.381
Saving model!

 epoch 24
-- train loss 0.381
Saving model!

 epoch 25
-- train loss 0.377
Saving model!

 epoch 26
-- train loss 0.373
Saving model!

 epoch 27
-- train loss 0.373
Saving model!

 epoch 28
-- train loss 0.37
Saving model!

 epoch 29
-- train loss 0.367
Saving model!

 epoch 30
-- train loss 0.367
Saving model!

 epoch 31
-- train loss 0.367
Saving model!

 epoch 32
-- train loss 0.363
Saving model!

 epoch 33
-- train loss 0.36
Saving model!

 epoch 34
-- train loss 0.36
Saving model!

 epoch 35
-- train loss 0.361
Saving model!

 epoch 36
-- train loss 0.359
Saving model!

 epoch 37
-- train loss 0.352
Saving model!

 epoch 38
-- train loss 0.358
Saving model!

 epoch 39
-- train loss 0.352
Saving model!

 epoch 40
-- train loss 0.35
Saving model!

 epoch 41
-- train loss 0.351
Saving model!

 epoch 42
-- train loss 0.351
Saving model!

 epoch 43
-- train loss 0.345
Saving model!

 epoch 44
-- train loss 0.343
Saving model!

 epoch 45
-- train loss 0.345
Saving model!

 epoch 46
-- train loss 0.342
Saving model!

 epoch 47
-- train loss 0.337
Saving model!

 epoch 48
-- train loss 0.341
Saving model!

 epoch 49
-- train loss 0.339
Saving model!

 epoch 50
-- train loss 0.341
Saving model!

 epoch 51
-- train loss 0.339
Saving model!

 epoch 52
-- train loss 0.334
Saving model!

 epoch 53
-- train loss 0.335
Saving model!

 epoch 54
-- train loss 0.333
Saving model!

 epoch 55
-- train loss 0.33
Saving model!

 epoch 56
-- train loss 0.331
Saving model!

 epoch 57
-- train loss 0.33
Saving model!

 epoch 58
-- train loss 0.33
Saving model!

 epoch 59
-- train loss 0.329
Saving model!

 epoch 60
-- train loss 0.329
Saving model!

 epoch 61
-- train loss 0.331
Saving model!

 epoch 62
-- train loss 0.331
Saving model!

 epoch 63
-- train loss 0.329
Saving model!

 epoch 64
-- train loss 0.33
Saving model!

 epoch 65
-- train loss 0.324
Saving model!

 epoch 66
-- train loss 0.325
Saving model!

 epoch 67
-- train loss 0.322
Saving model!

 epoch 68
-- train loss 0.326
Saving model!

 epoch 69
-- train loss 0.325
Saving model!

 epoch 70
-- train loss 0.324
Saving model!

 epoch 71
-- train loss 0.322
Saving model!

 epoch 72
-- train loss 0.32
Saving model!

 epoch 73
-- train loss 0.32
Saving model!

 epoch 74
-- train loss 0.323
Saving model!

 epoch 75
-- train loss 0.321
Saving model!

 epoch 76
-- train loss 0.323
Saving model!

 epoch 77
-- train loss 0.32
Saving model!

 epoch 78
-- train loss 0.323
Saving model!

 epoch 79
-- train loss 0.323
Saving model!

 epoch 80
-- train loss 0.329
Saving model!

 epoch 81
-- train loss 0.323
Saving model!

 epoch 82
-- train loss 0.32
Saving model!

 epoch 83
-- train loss 0.32
Saving model!

 epoch 84
-- train loss 0.321
Saving model!

 epoch 85
-- train loss 0.322
Saving model!

 epoch 86
-- train loss 0.327
Saving model!

 epoch 87
-- train loss 0.321
Saving model!

 epoch 88
-- train loss 0.316
Saving model!

 epoch 89
-- train loss 0.315
Saving model!

 epoch 90
-- train loss 0.313
Saving model!

 epoch 91
-- train loss 0.312
Saving model!

 epoch 92
-- train loss 0.312
Saving model!

 epoch 93
-- train loss 0.312
Saving model!

 epoch 94
-- train loss 0.312
Saving model!

 epoch 95
-- train loss 0.313
Saving model!

 epoch 96
-- train loss 0.313
Saving model!

 epoch 97
-- train loss 0.313
Saving model!

 epoch 98
-- train loss 0.314
Saving model!

 epoch 99
-- train loss 0.313
Saving model!

 epoch 100
-- train loss 0.311
Saving model!

 epoch 101
-- train loss 0.313
Saving model!

 epoch 102
-- train loss 0.311
Saving model!

 epoch 103
-- train loss 0.307
Saving model!

 epoch 104
-- train loss 0.307
Saving model!

 epoch 105
-- train loss 0.31
Saving model!

 epoch 106
-- train loss 0.305
Saving model!

 epoch 107
-- train loss 0.308
Saving model!

 epoch 108
-- train loss 0.307
Saving model!

 epoch 109
-- train loss 0.303
Saving model!

 epoch 110
-- train loss 0.308
Saving model!

 epoch 111
-- train loss 0.313
Saving model!

 epoch 112
-- train loss 0.31
Saving model!

 epoch 113
-- train loss 0.314
Saving model!

 epoch 114
-- train loss 0.313
Saving model!

 epoch 115
-- train loss 0.312
Saving model!

 epoch 116
-- train loss 0.312
Saving model!

 epoch 117
-- train loss 0.309
Saving model!

 epoch 118
-- train loss 0.306
Saving model!

 epoch 119
-- train loss 0.307
Saving model!

 epoch 120
-- train loss 0.307
Saving model!

 epoch 121
-- train loss 0.305
Saving model!

 epoch 122
-- train loss 0.304
Saving model!

 epoch 123
-- train loss 0.31
Saving model!

 epoch 124
-- train loss 0.308
Saving model!

 epoch 125
-- train loss 0.302
Saving model!

 epoch 126
-- train loss 0.303
Saving model!

 epoch 127
-- train loss 0.305
Saving model!

 epoch 128
-- train loss 0.306
Saving model!

 epoch 129
-- train loss 0.306
Saving model!

 epoch 130
-- train loss 0.303
Saving model!

 epoch 131
-- train loss 0.305
Saving model!

 epoch 132
-- train loss 0.306
Saving model!

 epoch 133
-- train loss 0.306
Saving model!

 epoch 134
-- train loss 0.304
Saving model!

 epoch 135
-- train loss 0.301
Saving model!

 epoch 136
-- train loss 0.304
Saving model!

 epoch 137
-- train loss 0.305
Saving model!

 epoch 138
-- train loss 0.313
Saving model!

 epoch 139
-- train loss 0.316
Saving model!

 epoch 140
-- train loss 0.307
Saving model!

 epoch 141
-- train loss 0.309
Saving model!

 epoch 142
-- train loss 0.311
Saving model!

 epoch 143
-- train loss 0.308
Saving model!

 epoch 144
-- train loss 0.307
Saving model!

 epoch 145
-- train loss 0.309
Saving model!

 epoch 146
-- train loss 0.306
Saving model!

 epoch 147
-- train loss 0.308
Saving model!

 epoch 148
-- train loss 0.311
Saving model!

 epoch 149
-- train loss 0.312
Saving model!

 epoch 150
-- train loss 0.307
Saving model!

 epoch 151
-- train loss 0.301
Saving model!

 epoch 152
-- train loss 0.311
Saving model!

 epoch 153
-- train loss 0.306
Saving model!

 epoch 154
-- train loss 0.307
Saving model!

 epoch 155
-- train loss 0.306
Saving model!

 epoch 156
-- train loss 0.307
Saving model!

 epoch 157
-- train loss 0.306
Saving model!

 epoch 158
-- train loss 0.307
Saving model!

 epoch 159
-- train loss 0.307
Saving model!

 epoch 160
-- train loss 0.308
Saving model!

 epoch 161
-- train loss 0.309
Saving model!

 epoch 162
-- train loss 0.304
Saving model!

 epoch 163
